[22-Dec-2023 13:02:59 UTC] PHP Fatal error:  Uncaught Error: Class "A11y_Walker_Nav_Menu" not found in C:\MAMP\htdocs\mota-photo\wp-content\themes\mota-photo\header.php:20
Stack trace:
#0 C:\MAMP\htdocs\mota-photo\wp-includes\template.php(790): require_once()
#1 C:\MAMP\htdocs\mota-photo\wp-includes\template.php(725): load_template('C:\\MAMP\\htdocs\\...', true, Array)
#2 C:\MAMP\htdocs\mota-photo\wp-includes\general-template.php(48): locate_template(Array, true, true, Array)
#3 C:\MAMP\htdocs\mota-photo\wp-content\themes\mota-photo\front-page.php(2): get_header()
#4 C:\MAMP\htdocs\mota-photo\wp-includes\template-loader.php(106): include('C:\\MAMP\\htdocs\\...')
#5 C:\MAMP\htdocs\mota-photo\wp-blog-header.php(19): require_once('C:\\MAMP\\htdocs\\...')
#6 C:\MAMP\htdocs\mota-photo\index.php(17): require('C:\\MAMP\\htdocs\\...')
#7 {main}
  thrown in C:\MAMP\htdocs\mota-photo\wp-content\themes\mota-photo\header.php on line 20
[22-Dec-2023 13:02:59 UTC] PHP Notice:  ob_end_flush(): Failed to send buffer of zlib output compression (1) in C:\MAMP\htdocs\mota-photo\wp-includes\functions.php on line 5373
[22-Dec-2023 13:02:59 UTC] PHP Notice:  ob_end_flush(): Failed to send buffer of zlib output compression (1) in C:\MAMP\htdocs\mota-photo\wp-includes\functions.php on line 5373
[22-Dec-2023 13:06:01 UTC] PHP Fatal error:  Uncaught Error: Class "A11y_Walker_Nav_Menu" not found in C:\MAMP\htdocs\mota-photo\wp-content\themes\mota-photo\header.php:20
Stack trace:
#0 C:\MAMP\htdocs\mota-photo\wp-includes\template.php(790): require_once()
#1 C:\MAMP\htdocs\mota-photo\wp-includes\template.php(725): load_template('C:\\MAMP\\htdocs\\...', true, Array)
#2 C:\MAMP\htdocs\mota-photo\wp-includes\general-template.php(48): locate_template(Array, true, true, Array)
#3 C:\MAMP\htdocs\mota-photo\wp-content\themes\mota-photo\front-page.php(2): get_header()
#4 C:\MAMP\htdocs\mota-photo\wp-includes\template-loader.php(106): include('C:\\MAMP\\htdocs\\...')
#5 C:\MAMP\htdocs\mota-photo\wp-blog-header.php(19): require_once('C:\\MAMP\\htdocs\\...')
#6 C:\MAMP\htdocs\mota-photo\index.php(17): require('C:\\MAMP\\htdocs\\...')
#7 {main}
  thrown in C:\MAMP\htdocs\mota-photo\wp-content\themes\mota-photo\header.php on line 20
[22-Dec-2023 13:06:01 UTC] PHP Notice:  ob_end_flush(): Failed to send buffer of zlib output compression (1) in C:\MAMP\htdocs\mota-photo\wp-includes\functions.php on line 5373
[22-Dec-2023 13:06:01 UTC] PHP Notice:  ob_end_flush(): Failed to send buffer of zlib output compression (1) in C:\MAMP\htdocs\mota-photo\wp-includes\functions.php on line 5373
[22-Dec-2023 13:44:45 UTC] PHP Fatal error:  Uncaught Error: Class "A11y_Walker_Nav_Menu" not found in C:\MAMP\htdocs\mota-photo\wp-content\themes\mota-photo\header.php:20
Stack trace:
#0 C:\MAMP\htdocs\mota-photo\wp-includes\template.php(790): require_once()
#1 C:\MAMP\htdocs\mota-photo\wp-includes\template.php(725): load_template('C:\\MAMP\\htdocs\\...', true, Array)
#2 C:\MAMP\htdocs\mota-photo\wp-includes\general-template.php(48): locate_template(Array, true, true, Array)
#3 C:\MAMP\htdocs\mota-photo\wp-content\themes\mota-photo\front-page.php(2): get_header()
#4 C:\MAMP\htdocs\mota-photo\wp-includes\template-loader.php(106): include('C:\\MAMP\\htdocs\\...')
#5 C:\MAMP\htdocs\mota-photo\wp-blog-header.php(19): require_once('C:\\MAMP\\htdocs\\...')
#6 C:\MAMP\htdocs\mota-photo\index.php(17): require('C:\\MAMP\\htdocs\\...')
#7 {main}
  thrown in C:\MAMP\htdocs\mota-photo\wp-content\themes\mota-photo\header.php on line 20
[22-Dec-2023 13:44:45 UTC] PHP Notice:  ob_end_flush(): Failed to send buffer of zlib output compression (1) in C:\MAMP\htdocs\mota-photo\wp-includes\functions.php on line 5373
[22-Dec-2023 13:44:45 UTC] PHP Notice:  ob_end_flush(): Failed to send buffer of zlib output compression (1) in C:\MAMP\htdocs\mota-photo\wp-includes\functions.php on line 5373
[22-Dec-2023 13:45:42 UTC] PHP Fatal error:  Uncaught Error: Class "A11y_Walker_Nav_Menu" not found in C:\MAMP\htdocs\mota-photo\wp-content\themes\mota-photo\header.php:20
Stack trace:
#0 C:\MAMP\htdocs\mota-photo\wp-includes\template.php(790): require_once()
#1 C:\MAMP\htdocs\mota-photo\wp-includes\template.php(725): load_template('C:\\MAMP\\htdocs\\...', true, Array)
#2 C:\MAMP\htdocs\mota-photo\wp-includes\general-template.php(48): locate_template(Array, true, true, Array)
#3 C:\MAMP\htdocs\mota-photo\wp-content\themes\mota-photo\front-page.php(2): get_header()
#4 C:\MAMP\htdocs\mota-photo\wp-includes\template-loader.php(106): include('C:\\MAMP\\htdocs\\...')
#5 C:\MAMP\htdocs\mota-photo\wp-blog-header.php(19): require_once('C:\\MAMP\\htdocs\\...')
#6 C:\MAMP\htdocs\mota-photo\index.php(17): require('C:\\MAMP\\htdocs\\...')
#7 {main}
  thrown in C:\MAMP\htdocs\mota-photo\wp-content\themes\mota-photo\header.php on line 20
[22-Dec-2023 13:45:42 UTC] PHP Notice:  ob_end_flush(): Failed to send buffer of zlib output compression (1) in C:\MAMP\htdocs\mota-photo\wp-includes\functions.php on line 5373
[22-Dec-2023 13:45:42 UTC] PHP Notice:  ob_end_flush(): Failed to send buffer of zlib output compression (1) in C:\MAMP\htdocs\mota-photo\wp-includes\functions.php on line 5373
[22-Dec-2023 14:06:25 UTC] PHP Notice:  ob_end_flush(): Failed to send buffer of zlib output compression (1) in C:\MAMP\htdocs\mota-photo\wp-includes\functions.php on line 5373
[22-Dec-2023 14:06:25 UTC] PHP Notice:  ob_end_flush(): Failed to send buffer of zlib output compression (1) in C:\MAMP\htdocs\mota-photo\wp-includes\functions.php on line 5373
[22-Dec-2023 14:09:52 UTC] PHP Notice:  ob_end_flush(): Failed to send buffer of zlib output compression (1) in C:\MAMP\htdocs\mota-photo\wp-includes\functions.php on line 5373
[22-Dec-2023 14:09:52 UTC] PHP Notice:  ob_end_flush(): Failed to send buffer of zlib output compression (1) in C:\MAMP\htdocs\mota-photo\wp-includes\functions.php on line 5373
[22-Dec-2023 14:09:55 UTC] PHP Notice:  ob_end_flush(): Failed to send buffer of zlib output compression (1) in C:\MAMP\htdocs\mota-photo\wp-includes\functions.php on line 5373
[22-Dec-2023 14:09:55 UTC] PHP Notice:  ob_end_flush(): Failed to send buffer of zlib output compression (1) in C:\MAMP\htdocs\mota-photo\wp-includes\functions.php on line 5373
[22-Dec-2023 14:37:19 UTC] PHP Notice:  ob_end_flush(): Failed to send buffer of zlib output compression (1) in C:\MAMP\htdocs\mota-photo\wp-includes\functions.php on line 5373
[22-Dec-2023 14:37:19 UTC] PHP Notice:  ob_end_flush(): Failed to send buffer of zlib output compression (1) in C:\MAMP\htdocs\mota-photo\wp-includes\functions.php on line 5373
[26-Dec-2023 12:43:07 UTC] PHP Notice:  ob_end_flush(): Failed to send buffer of zlib output compression (1) in C:\MAMP\htdocs\mota-photo\wp-includes\functions.php on line 5373
[26-Dec-2023 12:43:08 UTC] PHP Notice:  ob_end_flush(): Failed to send buffer of zlib output compression (1) in C:\MAMP\htdocs\mota-photo\wp-includes\functions.php on line 5373
[26-Dec-2023 12:43:22 UTC] PHP Notice:  ob_end_flush(): Failed to send buffer of zlib output compression (1) in C:\MAMP\htdocs\mota-photo\wp-includes\functions.php on line 5373
[26-Dec-2023 12:43:22 UTC] PHP Notice:  ob_end_flush(): Failed to send buffer of zlib output compression (1) in C:\MAMP\htdocs\mota-photo\wp-includes\functions.php on line 5373
[26-Dec-2023 12:43:22 UTC] PHP Notice:  ob_end_flush(): Failed to send buffer of zlib output compression (1) in C:\MAMP\htdocs\mota-photo\wp-includes\functions.php on line 5373
[26-Dec-2023 12:43:22 UTC] PHP Notice:  ob_end_flush(): Failed to send buffer of zlib output compression (1) in C:\MAMP\htdocs\mota-photo\wp-includes\functions.php on line 5373
[26-Dec-2023 12:43:23 UTC] PHP Notice:  ob_end_flush(): Failed to send buffer of zlib output compression (1) in C:\MAMP\htdocs\mota-photo\wp-includes\functions.php on line 5373
[26-Dec-2023 12:43:23 UTC] PHP Notice:  ob_end_flush(): Failed to send buffer of zlib output compression (1) in C:\MAMP\htdocs\mota-photo\wp-includes\functions.php on line 5373
[26-Dec-2023 12:47:27 UTC] PHP Notice:  ob_end_flush(): Failed to send buffer of zlib output compression (1) in C:\MAMP\htdocs\mota-photo\wp-includes\functions.php on line 5373
[26-Dec-2023 12:47:27 UTC] PHP Notice:  ob_end_flush(): Failed to send buffer of zlib output compression (1) in C:\MAMP\htdocs\mota-photo\wp-includes\functions.php on line 5373
[26-Dec-2023 13:04:03 UTC] PHP Notice:  ob_end_flush(): Failed to send buffer of zlib output compression (1) in C:\MAMP\htdocs\mota-photo\wp-includes\functions.php on line 5373
[26-Dec-2023 13:04:03 UTC] PHP Notice:  ob_end_flush(): Failed to send buffer of zlib output compression (1) in C:\MAMP\htdocs\mota-photo\wp-includes\functions.php on line 5373
[26-Dec-2023 13:11:58 UTC] PHP Notice:  ob_end_flush(): Failed to send buffer of zlib output compression (1) in C:\MAMP\htdocs\mota-photo\wp-includes\functions.php on line 5373
[26-Dec-2023 13:11:58 UTC] PHP Notice:  ob_end_flush(): Failed to send buffer of zlib output compression (1) in C:\MAMP\htdocs\mota-photo\wp-includes\functions.php on line 5373
[26-Dec-2023 13:12:33 UTC] PHP Notice:  ob_end_flush(): Failed to send buffer of zlib output compression (1) in C:\MAMP\htdocs\mota-photo\wp-includes\functions.php on line 5373
[26-Dec-2023 13:12:33 UTC] PHP Notice:  ob_end_flush(): Failed to send buffer of zlib output compression (1) in C:\MAMP\htdocs\mota-photo\wp-includes\functions.php on line 5373
[26-Dec-2023 13:12:41 UTC] PHP Notice:  ob_end_flush(): Failed to send buffer of zlib output compression (1) in C:\MAMP\htdocs\mota-photo\wp-includes\functions.php on line 5373
[26-Dec-2023 13:12:41 UTC] PHP Notice:  ob_end_flush(): Failed to send buffer of zlib output compression (1) in C:\MAMP\htdocs\mota-photo\wp-includes\functions.php on line 5373
[26-Dec-2023 13:12:45 UTC] PHP Notice:  ob_end_flush(): Failed to send buffer of zlib output compression (1) in C:\MAMP\htdocs\mota-photo\wp-includes\functions.php on line 5373
[26-Dec-2023 13:12:45 UTC] PHP Notice:  ob_end_flush(): Failed to send buffer of zlib output compression (1) in C:\MAMP\htdocs\mota-photo\wp-includes\functions.php on line 5373
[26-Dec-2023 13:12:48 UTC] PHP Notice:  ob_end_flush(): Failed to send buffer of zlib output compression (1) in C:\MAMP\htdocs\mota-photo\wp-includes\functions.php on line 5373
[26-Dec-2023 13:12:48 UTC] PHP Notice:  ob_end_flush(): Failed to send buffer of zlib output compression (1) in C:\MAMP\htdocs\mota-photo\wp-includes\functions.php on line 5373
[26-Dec-2023 13:12:59 UTC] PHP Notice:  ob_end_flush(): Failed to send buffer of zlib output compression (1) in C:\MAMP\htdocs\mota-photo\wp-includes\functions.php on line 5373
[26-Dec-2023 13:12:59 UTC] PHP Notice:  ob_end_flush(): Failed to send buffer of zlib output compression (1) in C:\MAMP\htdocs\mota-photo\wp-includes\functions.php on line 5373
[26-Dec-2023 13:13:16 UTC] PHP Notice:  ob_end_flush(): Failed to send buffer of zlib output compression (1) in C:\MAMP\htdocs\mota-photo\wp-includes\functions.php on line 5373
[26-Dec-2023 13:13:16 UTC] PHP Notice:  ob_end_flush(): Failed to send buffer of zlib output compression (1) in C:\MAMP\htdocs\mota-photo\wp-includes\functions.php on line 5373
[26-Dec-2023 13:19:00 UTC] PHP Notice:  ob_end_flush(): Failed to send buffer of zlib output compression (1) in C:\MAMP\htdocs\mota-photo\wp-includes\functions.php on line 5373
[26-Dec-2023 13:19:00 UTC] PHP Notice:  ob_end_flush(): Failed to send buffer of zlib output compression (1) in C:\MAMP\htdocs\mota-photo\wp-includes\functions.php on line 5373
[26-Dec-2023 13:19:27 UTC] PHP Notice:  ob_end_flush(): Failed to send buffer of zlib output compression (1) in C:\MAMP\htdocs\mota-photo\wp-includes\functions.php on line 5373
[26-Dec-2023 13:19:27 UTC] PHP Notice:  ob_end_flush(): Failed to send buffer of zlib output compression (1) in C:\MAMP\htdocs\mota-photo\wp-includes\functions.php on line 5373
[26-Dec-2023 13:19:31 UTC] PHP Notice:  ob_end_flush(): Failed to send buffer of zlib output compression (1) in C:\MAMP\htdocs\mota-photo\wp-includes\functions.php on line 5373
[26-Dec-2023 13:19:31 UTC] PHP Notice:  ob_end_flush(): Failed to send buffer of zlib output compression (1) in C:\MAMP\htdocs\mota-photo\wp-includes\functions.php on line 5373
[26-Dec-2023 13:19:53 UTC] PHP Notice:  ob_end_flush(): Failed to send buffer of zlib output compression (1) in C:\MAMP\htdocs\mota-photo\wp-includes\functions.php on line 5373
[26-Dec-2023 13:19:53 UTC] PHP Notice:  ob_end_flush(): Failed to send buffer of zlib output compression (1) in C:\MAMP\htdocs\mota-photo\wp-includes\functions.php on line 5373
[26-Dec-2023 13:20:01 UTC] PHP Notice:  ob_end_flush(): Failed to send buffer of zlib output compression (1) in C:\MAMP\htdocs\mota-photo\wp-includes\functions.php on line 5373
[26-Dec-2023 13:20:01 UTC] PHP Notice:  ob_end_flush(): Failed to send buffer of zlib output compression (1) in C:\MAMP\htdocs\mota-photo\wp-includes\functions.php on line 5373
[26-Dec-2023 13:22:03 UTC] PHP Notice:  ob_end_flush(): Failed to send buffer of zlib output compression (1) in C:\MAMP\htdocs\mota-photo\wp-includes\functions.php on line 5373
[26-Dec-2023 13:22:03 UTC] PHP Notice:  ob_end_flush(): Failed to send buffer of zlib output compression (1) in C:\MAMP\htdocs\mota-photo\wp-includes\functions.php on line 5373
[26-Dec-2023 13:22:16 UTC] PHP Warning:  Attempt to read property "title" on null in C:\MAMP\htdocs\mota-photo\wp-includes\class-wp-customize-widgets.php on line 905
[26-Dec-2023 13:22:16 UTC] PHP Notice:  ob_end_flush(): Failed to send buffer of zlib output compression (1) in C:\MAMP\htdocs\mota-photo\wp-includes\functions.php on line 5373
[26-Dec-2023 13:22:16 UTC] PHP Notice:  ob_end_flush(): Failed to send buffer of zlib output compression (1) in C:\MAMP\htdocs\mota-photo\wp-includes\functions.php on line 5373
[26-Dec-2023 13:22:18 UTC] PHP Notice:  ob_end_flush(): Failed to send buffer of zlib output compression (1) in C:\MAMP\htdocs\mota-photo\wp-includes\functions.php on line 5373
[26-Dec-2023 13:22:18 UTC] PHP Notice:  ob_end_flush(): Failed to send buffer of zlib output compression (1) in C:\MAMP\htdocs\mota-photo\wp-includes\functions.php on line 5373
[26-Dec-2023 13:24:04 UTC] PHP Notice:  ob_end_flush(): Failed to send buffer of zlib output compression (1) in C:\MAMP\htdocs\mota-photo\wp-includes\functions.php on line 5373
[26-Dec-2023 13:24:04 UTC] PHP Notice:  ob_end_flush(): Failed to send buffer of zlib output compression (1) in C:\MAMP\htdocs\mota-photo\wp-includes\functions.php on line 5373
[26-Dec-2023 13:24:08 UTC] PHP Notice:  ob_end_flush(): Failed to send buffer of zlib output compression (1) in C:\MAMP\htdocs\mota-photo\wp-includes\functions.php on line 5373
[26-Dec-2023 13:24:08 UTC] PHP Notice:  ob_end_flush(): Failed to send buffer of zlib output compression (1) in C:\MAMP\htdocs\mota-photo\wp-includes\functions.php on line 5373
[26-Dec-2023 13:24:17 UTC] PHP Notice:  ob_end_flush(): Failed to send buffer of zlib output compression (1) in C:\MAMP\htdocs\mota-photo\wp-includes\functions.php on line 5373
[26-Dec-2023 13:24:17 UTC] PHP Notice:  ob_end_flush(): Failed to send buffer of zlib output compression (1) in C:\MAMP\htdocs\mota-photo\wp-includes\functions.php on line 5373
[26-Dec-2023 13:24:21 UTC] PHP Notice:  ob_end_flush(): Failed to send buffer of zlib output compression (1) in C:\MAMP\htdocs\mota-photo\wp-includes\functions.php on line 5373
[26-Dec-2023 13:24:21 UTC] PHP Notice:  ob_end_flush(): Failed to send buffer of zlib output compression (1) in C:\MAMP\htdocs\mota-photo\wp-includes\functions.php on line 5373
[26-Dec-2023 13:25:40 UTC] PHP Notice:  ob_end_flush(): Failed to send buffer of zlib output compression (1) in C:\MAMP\htdocs\mota-photo\wp-includes\functions.php on line 5373
[26-Dec-2023 13:25:40 UTC] PHP Notice:  ob_end_flush(): Failed to send buffer of zlib output compression (1) in C:\MAMP\htdocs\mota-photo\wp-includes\functions.php on line 5373
[26-Dec-2023 13:30:44 UTC] PHP Warning:  Attempt to read property "title" on null in C:\MAMP\htdocs\mota-photo\wp-includes\class-wp-customize-widgets.php on line 905
[26-Dec-2023 13:30:44 UTC] PHP Notice:  ob_end_flush(): Failed to send buffer of zlib output compression (1) in C:\MAMP\htdocs\mota-photo\wp-includes\functions.php on line 5373
[26-Dec-2023 13:30:44 UTC] PHP Notice:  ob_end_flush(): Failed to send buffer of zlib output compression (1) in C:\MAMP\htdocs\mota-photo\wp-includes\functions.php on line 5373
[26-Dec-2023 13:30:46 UTC] PHP Notice:  ob_end_flush(): Failed to send buffer of zlib output compression (1) in C:\MAMP\htdocs\mota-photo\wp-includes\functions.php on line 5373
[26-Dec-2023 13:30:46 UTC] PHP Notice:  ob_end_flush(): Failed to send buffer of zlib output compression (1) in C:\MAMP\htdocs\mota-photo\wp-includes\functions.php on line 5373
[26-Dec-2023 13:32:36 UTC] PHP Notice:  ob_end_flush(): Failed to send buffer of zlib output compression (1) in C:\MAMP\htdocs\mota-photo\wp-includes\functions.php on line 5373
[26-Dec-2023 13:32:36 UTC] PHP Notice:  ob_end_flush(): Failed to send buffer of zlib output compression (1) in C:\MAMP\htdocs\mota-photo\wp-includes\functions.php on line 5373
[26-Dec-2023 13:33:17 UTC] PHP Notice:  ob_end_flush(): Failed to send buffer of zlib output compression (1) in C:\MAMP\htdocs\mota-photo\wp-includes\functions.php on line 5373
[26-Dec-2023 13:33:17 UTC] PHP Notice:  ob_end_flush(): Failed to send buffer of zlib output compression (1) in C:\MAMP\htdocs\mota-photo\wp-includes\functions.php on line 5373
[26-Dec-2023 14:01:00 UTC] PHP Notice:  ob_end_flush(): Failed to send buffer of zlib output compression (1) in C:\MAMP\htdocs\mota-photo\wp-includes\functions.php on line 5373
[26-Dec-2023 14:01:00 UTC] PHP Notice:  ob_end_flush(): Failed to send buffer of zlib output compression (1) in C:\MAMP\htdocs\mota-photo\wp-includes\functions.php on line 5373
[26-Dec-2023 14:13:43 UTC] PHP Notice:  ob_end_flush(): Failed to send buffer of zlib output compression (1) in C:\MAMP\htdocs\mota-photo\wp-includes\functions.php on line 5373
[26-Dec-2023 14:13:43 UTC] PHP Notice:  ob_end_flush(): Failed to send buffer of zlib output compression (1) in C:\MAMP\htdocs\mota-photo\wp-includes\functions.php on line 5373
[26-Dec-2023 14:13:51 UTC] PHP Notice:  ob_end_flush(): Failed to send buffer of zlib output compression (1) in C:\MAMP\htdocs\mota-photo\wp-includes\functions.php on line 5373
[26-Dec-2023 14:13:51 UTC] PHP Notice:  ob_end_flush(): Failed to send buffer of zlib output compression (1) in C:\MAMP\htdocs\mota-photo\wp-includes\functions.php on line 5373
[26-Dec-2023 14:14:33 UTC] PHP Notice:  ob_end_flush(): Failed to send buffer of zlib output compression (1) in C:\MAMP\htdocs\mota-photo\wp-includes\functions.php on line 5373
[26-Dec-2023 14:14:33 UTC] PHP Notice:  ob_end_flush(): Failed to send buffer of zlib output compression (1) in C:\MAMP\htdocs\mota-photo\wp-includes\functions.php on line 5373
[26-Dec-2023 14:14:34 UTC] PHP Notice:  ob_end_flush(): Failed to send buffer of zlib output compression (1) in C:\MAMP\htdocs\mota-photo\wp-includes\functions.php on line 5373
[26-Dec-2023 14:14:34 UTC] PHP Notice:  ob_end_flush(): Failed to send buffer of zlib output compression (1) in C:\MAMP\htdocs\mota-photo\wp-includes\functions.php on line 5373
[26-Dec-2023 14:14:47 UTC] PHP Notice:  ob_end_flush(): Failed to send buffer of zlib output compression (1) in C:\MAMP\htdocs\mota-photo\wp-includes\functions.php on line 5373
[26-Dec-2023 14:14:47 UTC] PHP Notice:  ob_end_flush(): Failed to send buffer of zlib output compression (1) in C:\MAMP\htdocs\mota-photo\wp-includes\functions.php on line 5373
[26-Dec-2023 14:15:02 UTC] PHP Notice:  ob_end_flush(): Failed to send buffer of zlib output compression (1) in C:\MAMP\htdocs\mota-photo\wp-includes\functions.php on line 5373
[26-Dec-2023 14:15:02 UTC] PHP Notice:  ob_end_flush(): Failed to send buffer of zlib output compression (1) in C:\MAMP\htdocs\mota-photo\wp-includes\functions.php on line 5373
[26-Dec-2023 14:15:55 UTC] PHP Notice:  ob_end_flush(): Failed to send buffer of zlib output compression (1) in C:\MAMP\htdocs\mota-photo\wp-includes\functions.php on line 5373
[26-Dec-2023 14:15:55 UTC] PHP Notice:  ob_end_flush(): Failed to send buffer of zlib output compression (1) in C:\MAMP\htdocs\mota-photo\wp-includes\functions.php on line 5373
[26-Dec-2023 14:16:16 UTC] PHP Notice:  ob_end_flush(): Failed to send buffer of zlib output compression (1) in C:\MAMP\htdocs\mota-photo\wp-includes\functions.php on line 5373
[26-Dec-2023 14:16:16 UTC] PHP Notice:  ob_end_flush(): Failed to send buffer of zlib output compression (1) in C:\MAMP\htdocs\mota-photo\wp-includes\functions.php on line 5373
[26-Dec-2023 14:16:19 UTC] PHP Notice:  ob_end_flush(): Failed to send buffer of zlib output compression (1) in C:\MAMP\htdocs\mota-photo\wp-includes\functions.php on line 5373
[26-Dec-2023 14:16:19 UTC] PHP Notice:  ob_end_flush(): Failed to send buffer of zlib output compression (1) in C:\MAMP\htdocs\mota-photo\wp-includes\functions.php on line 5373
[26-Dec-2023 14:16:29 UTC] PHP Notice:  ob_end_flush(): Failed to send buffer of zlib output compression (1) in C:\MAMP\htdocs\mota-photo\wp-includes\functions.php on line 5373
[26-Dec-2023 14:16:29 UTC] PHP Notice:  ob_end_flush(): Failed to send buffer of zlib output compression (1) in C:\MAMP\htdocs\mota-photo\wp-includes\functions.php on line 5373
[26-Dec-2023 14:16:56 UTC] PHP Notice:  ob_end_flush(): Failed to send buffer of zlib output compression (1) in C:\MAMP\htdocs\mota-photo\wp-includes\functions.php on line 5373
[26-Dec-2023 14:16:56 UTC] PHP Notice:  ob_end_flush(): Failed to send buffer of zlib output compression (1) in C:\MAMP\htdocs\mota-photo\wp-includes\functions.php on line 5373
[26-Dec-2023 14:16:57 UTC] PHP Notice:  ob_end_flush(): Failed to send buffer of zlib output compression (1) in C:\MAMP\htdocs\mota-photo\wp-includes\functions.php on line 5373
[26-Dec-2023 14:16:57 UTC] PHP Notice:  ob_end_flush(): Failed to send buffer of zlib output compression (1) in C:\MAMP\htdocs\mota-photo\wp-includes\functions.php on line 5373
[26-Dec-2023 14:17:10 UTC] PHP Notice:  ob_end_flush(): Failed to send buffer of zlib output compression (1) in C:\MAMP\htdocs\mota-photo\wp-includes\functions.php on line 5373
[26-Dec-2023 14:17:10 UTC] PHP Notice:  ob_end_flush(): Failed to send buffer of zlib output compression (1) in C:\MAMP\htdocs\mota-photo\wp-includes\functions.php on line 5373
[26-Dec-2023 14:17:49 UTC] PHP Notice:  ob_end_flush(): Failed to send buffer of zlib output compression (1) in C:\MAMP\htdocs\mota-photo\wp-includes\functions.php on line 5373
[26-Dec-2023 14:17:49 UTC] PHP Notice:  ob_end_flush(): Failed to send buffer of zlib output compression (1) in C:\MAMP\htdocs\mota-photo\wp-includes\functions.php on line 5373
[26-Dec-2023 14:18:03 UTC] PHP Notice:  ob_end_flush(): Failed to send buffer of zlib output compression (1) in C:\MAMP\htdocs\mota-photo\wp-includes\functions.php on line 5373
[26-Dec-2023 14:18:03 UTC] PHP Notice:  ob_end_flush(): Failed to send buffer of zlib output compression (1) in C:\MAMP\htdocs\mota-photo\wp-includes\functions.php on line 5373
[26-Dec-2023 14:18:09 UTC] PHP Notice:  ob_end_flush(): Failed to send buffer of zlib output compression (1) in C:\MAMP\htdocs\mota-photo\wp-includes\functions.php on line 5373
[26-Dec-2023 14:18:09 UTC] PHP Notice:  ob_end_flush(): Failed to send buffer of zlib output compression (1) in C:\MAMP\htdocs\mota-photo\wp-includes\functions.php on line 5373
[26-Dec-2023 14:18:10 UTC] PHP Notice:  ob_end_flush(): Failed to send buffer of zlib output compression (1) in C:\MAMP\htdocs\mota-photo\wp-includes\functions.php on line 5373
[26-Dec-2023 14:18:10 UTC] PHP Notice:  ob_end_flush(): Failed to send buffer of zlib output compression (1) in C:\MAMP\htdocs\mota-photo\wp-includes\functions.php on line 5373
[26-Dec-2023 14:18:11 UTC] PHP Notice:  ob_end_flush(): Failed to send buffer of zlib output compression (1) in C:\MAMP\htdocs\mota-photo\wp-includes\functions.php on line 5373
[26-Dec-2023 14:18:11 UTC] PHP Notice:  ob_end_flush(): Failed to send buffer of zlib output compression (1) in C:\MAMP\htdocs\mota-photo\wp-includes\functions.php on line 5373
[26-Dec-2023 14:18:19 UTC] PHP Notice:  ob_end_flush(): Failed to send buffer of zlib output compression (1) in C:\MAMP\htdocs\mota-photo\wp-includes\functions.php on line 5373
[26-Dec-2023 14:18:19 UTC] PHP Notice:  ob_end_flush(): Failed to send buffer of zlib output compression (1) in C:\MAMP\htdocs\mota-photo\wp-includes\functions.php on line 5373
[26-Dec-2023 14:18:35 UTC] PHP Notice:  ob_end_flush(): Failed to send buffer of zlib output compression (1) in C:\MAMP\htdocs\mota-photo\wp-includes\functions.php on line 5373
[26-Dec-2023 14:18:35 UTC] PHP Notice:  ob_end_flush(): Failed to send buffer of zlib output compression (1) in C:\MAMP\htdocs\mota-photo\wp-includes\functions.php on line 5373
[26-Dec-2023 14:20:18 UTC] PHP Notice:  ob_end_flush(): Failed to send buffer of zlib output compression (1) in C:\MAMP\htdocs\mota-photo\wp-includes\functions.php on line 5373
[26-Dec-2023 14:20:18 UTC] PHP Notice:  ob_end_flush(): Failed to send buffer of zlib output compression (1) in C:\MAMP\htdocs\mota-photo\wp-includes\functions.php on line 5373
[26-Dec-2023 14:23:29 UTC] PHP Notice:  ob_end_flush(): Failed to send buffer of zlib output compression (1) in C:\MAMP\htdocs\mota-photo\wp-includes\functions.php on line 5373
[26-Dec-2023 14:23:29 UTC] PHP Notice:  ob_end_flush(): Failed to send buffer of zlib output compression (1) in C:\MAMP\htdocs\mota-photo\wp-includes\functions.php on line 5373
[26-Dec-2023 14:27:09 UTC] PHP Notice:  ob_end_flush(): Failed to send buffer of zlib output compression (1) in C:\MAMP\htdocs\mota-photo\wp-includes\functions.php on line 5373
[26-Dec-2023 14:27:09 UTC] PHP Notice:  ob_end_flush(): Failed to send buffer of zlib output compression (1) in C:\MAMP\htdocs\mota-photo\wp-includes\functions.php on line 5373
[26-Dec-2023 14:27:20 UTC] PHP Notice:  ob_end_flush(): Failed to send buffer of zlib output compression (1) in C:\MAMP\htdocs\mota-photo\wp-includes\functions.php on line 5373
[26-Dec-2023 14:27:20 UTC] PHP Notice:  ob_end_flush(): Failed to send buffer of zlib output compression (1) in C:\MAMP\htdocs\mota-photo\wp-includes\functions.php on line 5373
[26-Dec-2023 14:27:56 UTC] PHP Notice:  ob_end_flush(): Failed to send buffer of zlib output compression (1) in C:\MAMP\htdocs\mota-photo\wp-includes\functions.php on line 5373
[26-Dec-2023 14:27:56 UTC] PHP Notice:  ob_end_flush(): Failed to send buffer of zlib output compression (1) in C:\MAMP\htdocs\mota-photo\wp-includes\functions.php on line 5373
[26-Dec-2023 14:28:08 UTC] PHP Notice:  ob_end_flush(): Failed to send buffer of zlib output compression (1) in C:\MAMP\htdocs\mota-photo\wp-includes\functions.php on line 5373
[26-Dec-2023 14:28:08 UTC] PHP Notice:  ob_end_flush(): Failed to send buffer of zlib output compression (1) in C:\MAMP\htdocs\mota-photo\wp-includes\functions.php on line 5373
[26-Dec-2023 14:28:11 UTC] PHP Notice:  ob_end_flush(): Failed to send buffer of zlib output compression (1) in C:\MAMP\htdocs\mota-photo\wp-includes\functions.php on line 5373
[26-Dec-2023 14:28:11 UTC] PHP Notice:  ob_end_flush(): Failed to send buffer of zlib output compression (1) in C:\MAMP\htdocs\mota-photo\wp-includes\functions.php on line 5373
[26-Dec-2023 14:28:12 UTC] PHP Notice:  ob_end_flush(): Failed to send buffer of zlib output compression (1) in C:\MAMP\htdocs\mota-photo\wp-includes\functions.php on line 5373
[26-Dec-2023 14:28:12 UTC] PHP Notice:  ob_end_flush(): Failed to send buffer of zlib output compression (1) in C:\MAMP\htdocs\mota-photo\wp-includes\functions.php on line 5373
[26-Dec-2023 14:28:16 UTC] PHP Notice:  ob_end_flush(): Failed to send buffer of zlib output compression (1) in C:\MAMP\htdocs\mota-photo\wp-includes\functions.php on line 5373
[26-Dec-2023 14:28:16 UTC] PHP Notice:  ob_end_flush(): Failed to send buffer of zlib output compression (1) in C:\MAMP\htdocs\mota-photo\wp-includes\functions.php on line 5373
[26-Dec-2023 14:28:51 UTC] PHP Notice:  ob_end_flush(): Failed to send buffer of zlib output compression (1) in C:\MAMP\htdocs\mota-photo\wp-includes\functions.php on line 5373
[26-Dec-2023 14:28:51 UTC] PHP Notice:  ob_end_flush(): Failed to send buffer of zlib output compression (1) in C:\MAMP\htdocs\mota-photo\wp-includes\functions.php on line 5373
[26-Dec-2023 14:28:52 UTC] PHP Notice:  ob_end_flush(): Failed to send buffer of zlib output compression (1) in C:\MAMP\htdocs\mota-photo\wp-includes\functions.php on line 5373
[26-Dec-2023 14:28:52 UTC] PHP Notice:  ob_end_flush(): Failed to send buffer of zlib output compression (1) in C:\MAMP\htdocs\mota-photo\wp-includes\functions.php on line 5373
[26-Dec-2023 14:29:37 UTC] PHP Notice:  ob_end_flush(): Failed to send buffer of zlib output compression (1) in C:\MAMP\htdocs\mota-photo\wp-includes\functions.php on line 5373
[26-Dec-2023 14:29:37 UTC] PHP Notice:  ob_end_flush(): Failed to send buffer of zlib output compression (1) in C:\MAMP\htdocs\mota-photo\wp-includes\functions.php on line 5373
[26-Dec-2023 14:30:18 UTC] PHP Notice:  ob_end_flush(): Failed to send buffer of zlib output compression (1) in C:\MAMP\htdocs\mota-photo\wp-includes\functions.php on line 5373
[26-Dec-2023 14:30:18 UTC] PHP Notice:  ob_end_flush(): Failed to send buffer of zlib output compression (1) in C:\MAMP\htdocs\mota-photo\wp-includes\functions.php on line 5373
[26-Dec-2023 14:30:19 UTC] PHP Notice:  ob_end_flush(): Failed to send buffer of zlib output compression (1) in C:\MAMP\htdocs\mota-photo\wp-includes\functions.php on line 5373
[26-Dec-2023 14:30:19 UTC] PHP Notice:  ob_end_flush(): Failed to send buffer of zlib output compression (1) in C:\MAMP\htdocs\mota-photo\wp-includes\functions.php on line 5373
[26-Dec-2023 14:30:21 UTC] PHP Notice:  ob_end_flush(): Failed to send buffer of zlib output compression (1) in C:\MAMP\htdocs\mota-photo\wp-includes\functions.php on line 5373
[26-Dec-2023 14:30:21 UTC] PHP Notice:  ob_end_flush(): Failed to send buffer of zlib output compression (1) in C:\MAMP\htdocs\mota-photo\wp-includes\functions.php on line 5373
[26-Dec-2023 14:30:32 UTC] PHP Notice:  ob_end_flush(): Failed to send buffer of zlib output compression (1) in C:\MAMP\htdocs\mota-photo\wp-includes\functions.php on line 5373
[26-Dec-2023 14:30:32 UTC] PHP Notice:  ob_end_flush(): Failed to send buffer of zlib output compression (1) in C:\MAMP\htdocs\mota-photo\wp-includes\functions.php on line 5373
[26-Dec-2023 14:30:34 UTC] PHP Notice:  ob_end_flush(): Failed to send buffer of zlib output compression (1) in C:\MAMP\htdocs\mota-photo\wp-includes\functions.php on line 5373
[26-Dec-2023 14:30:34 UTC] PHP Notice:  ob_end_flush(): Failed to send buffer of zlib output compression (1) in C:\MAMP\htdocs\mota-photo\wp-includes\functions.php on line 5373
[26-Dec-2023 14:30:37 UTC] PHP Notice:  ob_end_flush(): Failed to send buffer of zlib output compression (1) in C:\MAMP\htdocs\mota-photo\wp-includes\functions.php on line 5373
[26-Dec-2023 14:30:37 UTC] PHP Notice:  ob_end_flush(): Failed to send buffer of zlib output compression (1) in C:\MAMP\htdocs\mota-photo\wp-includes\functions.php on line 5373
[26-Dec-2023 14:31:11 UTC] PHP Notice:  ob_end_flush(): Failed to send buffer of zlib output compression (1) in C:\MAMP\htdocs\mota-photo\wp-includes\functions.php on line 5373
[26-Dec-2023 14:31:11 UTC] PHP Notice:  ob_end_flush(): Failed to send buffer of zlib output compression (1) in C:\MAMP\htdocs\mota-photo\wp-includes\functions.php on line 5373
[26-Dec-2023 14:31:16 UTC] PHP Notice:  ob_end_flush(): Failed to send buffer of zlib output compression (1) in C:\MAMP\htdocs\mota-photo\wp-includes\functions.php on line 5373
[26-Dec-2023 14:31:16 UTC] PHP Notice:  ob_end_flush(): Failed to send buffer of zlib output compression (1) in C:\MAMP\htdocs\mota-photo\wp-includes\functions.php on line 5373
[26-Dec-2023 14:31:17 UTC] PHP Notice:  ob_end_flush(): Failed to send buffer of zlib output compression (1) in C:\MAMP\htdocs\mota-photo\wp-includes\functions.php on line 5373
[26-Dec-2023 14:31:17 UTC] PHP Notice:  ob_end_flush(): Failed to send buffer of zlib output compression (1) in C:\MAMP\htdocs\mota-photo\wp-includes\functions.php on line 5373
[26-Dec-2023 14:31:23 UTC] PHP Notice:  ob_end_flush(): Failed to send buffer of zlib output compression (1) in C:\MAMP\htdocs\mota-photo\wp-includes\functions.php on line 5373
[26-Dec-2023 14:31:23 UTC] PHP Notice:  ob_end_flush(): Failed to send buffer of zlib output compression (1) in C:\MAMP\htdocs\mota-photo\wp-includes\functions.php on line 5373
[26-Dec-2023 14:31:39 UTC] PHP Notice:  ob_end_flush(): Failed to send buffer of zlib output compression (1) in C:\MAMP\htdocs\mota-photo\wp-includes\functions.php on line 5373
[26-Dec-2023 14:31:39 UTC] PHP Notice:  ob_end_flush(): Failed to send buffer of zlib output compression (1) in C:\MAMP\htdocs\mota-photo\wp-includes\functions.php on line 5373
[26-Dec-2023 14:32:12 UTC] PHP Notice:  ob_end_flush(): Failed to send buffer of zlib output compression (1) in C:\MAMP\htdocs\mota-photo\wp-includes\functions.php on line 5373
[26-Dec-2023 14:32:12 UTC] PHP Notice:  ob_end_flush(): Failed to send buffer of zlib output compression (1) in C:\MAMP\htdocs\mota-photo\wp-includes\functions.php on line 5373
[26-Dec-2023 14:32:16 UTC] PHP Notice:  ob_end_flush(): Failed to send buffer of zlib output compression (1) in C:\MAMP\htdocs\mota-photo\wp-includes\functions.php on line 5373
[26-Dec-2023 14:32:16 UTC] PHP Notice:  ob_end_flush(): Failed to send buffer of zlib output compression (1) in C:\MAMP\htdocs\mota-photo\wp-includes\functions.php on line 5373
[26-Dec-2023 14:33:23 UTC] PHP Notice:  ob_end_flush(): Failed to send buffer of zlib output compression (1) in C:\MAMP\htdocs\mota-photo\wp-includes\functions.php on line 5373
[26-Dec-2023 14:33:23 UTC] PHP Notice:  ob_end_flush(): Failed to send buffer of zlib output compression (1) in C:\MAMP\htdocs\mota-photo\wp-includes\functions.php on line 5373
[26-Dec-2023 14:33:25 UTC] PHP Notice:  ob_end_flush(): Failed to send buffer of zlib output compression (1) in C:\MAMP\htdocs\mota-photo\wp-includes\functions.php on line 5373
[26-Dec-2023 14:33:25 UTC] PHP Notice:  ob_end_flush(): Failed to send buffer of zlib output compression (1) in C:\MAMP\htdocs\mota-photo\wp-includes\functions.php on line 5373
[27-Dec-2023 10:03:15 UTC] PHP Parse error:  syntax error, unexpected end of file in C:\MAMP\htdocs\mota-photo\wp-content\themes\mota-photo\single.php on line 31
[27-Dec-2023 10:13:18 UTC] PHP Parse error:  syntax error, unexpected end of file in C:\MAMP\htdocs\mota-photo\wp-content\themes\mota-photo\single.php on line 24
[27-Dec-2023 10:19:54 UTC] PHP Parse error:  syntax error, unexpected end of file in C:\MAMP\htdocs\mota-photo\wp-content\themes\mota-photo\catalogue.php on line 7
[27-Dec-2023 10:22:10 UTC] PHP Parse error:  syntax error, unexpected end of file in C:\MAMP\htdocs\mota-photo\wp-content\themes\mota-photo\catalogue.php on line 8
[27-Dec-2023 12:49:27 UTC] PHP Parse error:  syntax error, unexpected end of file in C:\MAMP\htdocs\mota-photo\wp-content\themes\mota-photo\catalogue.php on line 15
[27-Dec-2023 12:51:43 UTC] PHP Parse error:  syntax error, unexpected end of file in C:\MAMP\htdocs\mota-photo\wp-content\themes\mota-photo\catalogue.php on line 15
[27-Dec-2023 12:55:01 UTC] PHP Parse error:  syntax error, unexpected end of file in C:\MAMP\htdocs\mota-photo\wp-content\themes\mota-photo\catalogue.php on line 15
[27-Dec-2023 13:00:23 UTC] PHP Parse error:  syntax error, unexpected end of file in C:\MAMP\htdocs\mota-photo\wp-content\themes\mota-photo\catalogue.php on line 15
[27-Dec-2023 13:01:58 UTC] PHP Parse error:  syntax error, unexpected end of file in C:\MAMP\htdocs\mota-photo\wp-content\themes\mota-photo\catalogue.php on line 15
[27-Dec-2023 13:02:34 UTC] PHP Parse error:  syntax error, unexpected end of file in C:\MAMP\htdocs\mota-photo\wp-content\themes\mota-photo\catalogue.php on line 15
[28-Dec-2023 13:23:52 UTC] PHP Fatal error:  Uncaught Error: Call to undefined function twenty_twenty_one_the_posts_navigation() in C:\MAMP\htdocs\mota-photo\wp-content\themes\mota-photo\archive.php:31
Stack trace:
#0 C:\MAMP\htdocs\mota-photo\wp-includes\template.php(792): require()
#1 C:\MAMP\htdocs\mota-photo\wp-includes\template.php(725): load_template('C:\\MAMP\\htdocs\\...', false, Array)
#2 C:\MAMP\htdocs\mota-photo\wp-includes\general-template.php(206): locate_template(Array, true, false, Array)
#3 C:\MAMP\htdocs\mota-photo\wp-content\themes\mota-photo\front-page.php(11): get_template_part('archive')
#4 C:\MAMP\htdocs\mota-photo\wp-includes\template-loader.php(106): include('C:\\MAMP\\htdocs\\...')
#5 C:\MAMP\htdocs\mota-photo\wp-blog-header.php(19): require_once('C:\\MAMP\\htdocs\\...')
#6 C:\MAMP\htdocs\mota-photo\index.php(17): require('C:\\MAMP\\htdocs\\...')
#7 {main}
  thrown in C:\MAMP\htdocs\mota-photo\wp-content\themes\mota-photo\archive.php on line 31
[28-Dec-2023 14:27:33 UTC] PHP Parse error:  syntax error, unexpected end of file in C:\MAMP\htdocs\mota-photo\wp-content\themes\mota-photo\catalogue.php on line 11
[28-Dec-2023 15:16:17 UTC] PHP Warning:  Attempt to read property "title" on null in C:\MAMP\htdocs\mota-photo\wp-includes\class-wp-customize-widgets.php on line 905
[29-Dec-2023 08:05:43 UTC] PHP Warning:  Attempt to read property "title" on null in C:\MAMP\htdocs\mota-photo\wp-includes\class-wp-customize-widgets.php on line 905
[29-Dec-2023 08:09:09 UTC] PHP Warning:  Attempt to read property "title" on null in C:\MAMP\htdocs\mota-photo\wp-includes\class-wp-customize-widgets.php on line 905
[29-Dec-2023 08:10:31 UTC] PHP Warning:  Attempt to read property "title" on null in C:\MAMP\htdocs\mota-photo\wp-includes\class-wp-customize-widgets.php on line 905
